c:\users\petia\desktop\e-library\elibrary\elibrary\x64\debug\vc143.pdb
c:\users\petia\desktop\e-library\elibrary\elibrary\x64\debug\vc143.idb
c:\users\petia\desktop\e-library\elibrary\elibrary\x64\debug\main.obj
c:\users\petia\desktop\e-library\elibrary\elibrary\x64\debug\string.obj
c:\users\petia\desktop\e-library\elibrary\elibrary\x64\debug\book.obj
c:\users\petia\desktop\e-library\elibrary\elibrary\x64\debug\library.obj
c:\users\petia\desktop\e-library\elibrary\elibrary\x64\debug\elibrary.pdb
c:\users\petia\desktop\e-library\elibrary\elibrary\x64\debug\elibrary.tlog\cl.command.1.tlog
c:\users\petia\desktop\e-library\elibrary\elibrary\x64\debug\elibrary.tlog\cl.read.1.tlog
c:\users\petia\desktop\e-library\elibrary\elibrary\x64\debug\elibrary.tlog\cl.write.1.tlog
c:\users\petia\desktop\e-library\elibrary\elibrary\x64\debug\elibrary.tlog\link.18192-cvtres.read.1.tlog
c:\users\petia\desktop\e-library\elibrary\elibrary\x64\debug\elibrary.tlog\link.18192-cvtres.write.1.tlog
c:\users\petia\desktop\e-library\elibrary\elibrary\x64\debug\elibrary.tlog\link.18192-rc.read.1.tlog
c:\users\petia\desktop\e-library\elibrary\elibrary\x64\debug\elibrary.tlog\link.18192-rc.write.1.tlog
c:\users\petia\desktop\e-library\elibrary\elibrary\x64\debug\elibrary.tlog\link.18192.read.1.tlog
c:\users\petia\desktop\e-library\elibrary\elibrary\x64\debug\elibrary.tlog\link.18192.read.3.tlog
c:\users\petia\desktop\e-library\elibrary\elibrary\x64\debug\elibrary.tlog\link.18192.write.1.tlog
c:\users\petia\desktop\e-library\elibrary\elibrary\x64\debug\elibrary.tlog\link.command.1.tlog
c:\users\petia\desktop\e-library\elibrary\elibrary\x64\debug\elibrary.tlog\link.read.1.tlog
c:\users\petia\desktop\e-library\elibrary\elibrary\x64\debug\elibrary.tlog\link.write.1.tlog
